{"/home/theseus/alexandria/core/src/alex_frontend/src/components/Alert.tsx": {"path":"/home/theseus/alexandria/core/src/alex_frontend/src/components/Alert.tsx","statementMap":{"0":{"start":{"line":11,"column":17},"end":{"line":42,"column":1}},"1":{"start":{"line":59,"column":57},"end":{"line":59,"column":74}},"2":{"start":{"line":60,"column":14},"end":{"line":60,"column":39}},"3":{"start":{"line":62,"column":1},"end":{"line":70,"column":3}}},"fnMap":{"0":{"name":"Alert","decl":{"start":{"line":52,"column":16},"end":{"line":52,"column":21}},"loc":{"start":{"line":58,"column":15},"end":{"line":71,"column":1}},"line":58}},"branchMap":{"0":{"loc":{"start":{"line":53,"column":1},"end":{"line":53,"column":20}},"type":"default-arg","locations":[{"start":{"line":53,"column":11},"end":{"line":53,"column":20}}],"line":53},"1":{"loc":{"start":{"line":60,"column":14},"end":{"line":60,"column":39}},"type":"binary-expr","locations":[{"start":{"line":60,"column":14},"end":{"line":60,"column":24}},{"start":{"line":60,"column":28},"end":{"line":60,"column":39}}],"line":60},"2":{"loc":{"start":{"line":66,"column":5},"end":{"line":66,"column":62}},"type":"binary-expr","locations":[{"start":{"line":66,"column":5},"end":{"line":66,"column":10}},{"start":{"line":66,"column":14},"end":{"line":66,"column":62}}],"line":66}},"s":{"0":1,"1":6,"2":6,"3":6},"f":{"0":6},"b":{"0":[2],"1":[6,5],"2":[6,1]},"_coverageSchema":"1a1c01bbd47fc00a2c39e90264f33305004495a9","hash":"ac7148d04ce8d8195c91588deeaaa01fcd420bdb"}
,"/home/theseus/alexandria/core/src/alex_frontend/src/components/Loading.tsx": {"path":"/home/theseus/alexandria/core/src/alex_frontend/src/components/Loading.tsx","statementMap":{"0":{"start":{"line":5,"column":16},"end":{"line":21,"column":1}},"1":{"start":{"line":6,"column":4},"end":{"line":20,"column":13}},"2":{"start":{"line":9,"column":36},"end":{"line":9,"column":54}}},"fnMap":{"0":{"name":"(anonymous_0)","decl":{"start":{"line":5,"column":16},"end":{"line":5,"column":17}},"loc":{"start":{"line":6,"column":4},"end":{"line":20,"column":13}},"line":6},"1":{"name":"(anonymous_1)","decl":{"start":{"line":9,"column":29},"end":{"line":9,"column":30}},"loc":{"start":{"line":9,"column":36},"end":{"line":9,"column":54}},"line":9}},"branchMap":{},"s":{"0":1,"1":1,"2":0},"f":{"0":1,"1":0},"b":{},"_coverageSchema":"1a1c01bbd47fc00a2c39e90264f33305004495a9","hash":"59f5669883f8873747c9ab1ec1eac10032c40c70"}
}
